This is pdfTeX, Version 3.14159265-2.6-1.40.18 (TeX Live 2017/Debian) (preloaded format=pdflatex 2020.7.2)  11 JUL 2020 11:28
entering extended mode
 restricted \write18 enabled.
 %&-line parsing enabled.
**QGIS_documentation.tex
(./QGIS_documentation.tex
LaTeX2e <2017-04-15>
Babel <3.18> and hyphenation patterns for 3 language(s) loaded.
(./sphinxmanual.cls
Document Class: sphinxmanual 2018/12/22 v1.8.3 Document class (Sphinx manual)
(/usr/share/texlive/texmf-dist/tex/latex/base/report.cls
Document Class: report 2014/09/29 v1.4h Standard LaTeX document class
(/usr/share/texlive/texmf-dist/tex/latex/base/size10.clo
File: size10.clo 2014/09/29 v1.4h Standard LaTeX file (size option)
)
\c@part=\count79
\c@chapter=\count80
\c@section=\count81
\c@subsection=\count82
\c@subsubsection=\count83
\c@paragraph=\count84
\c@subparagraph=\count85
\c@figure=\count86
\c@table=\count87
\abovecaptionskip=\skip41
\belowcaptionskip=\skip42
\bibindent=\dimen102
))
(/usr/share/texlive/texmf-dist/tex/latex/base/inputenc.sty
Package: inputenc 2015/03/17 v1.2c Input encoding file
\inpenc@prehook=\toks14
\inpenc@posthook=\toks15

(/usr/share/texlive/texmf-dist/tex/latex/base/utf8.def
File: utf8.def 2017/01/28 v1.1t UTF-8 support for inputenc
Now handling font encoding OML ...
... no UTF-8 mapping file for font encoding OML
Now handling font encoding T1 ...
... processing UTF-8 mapping file for font encoding T1

(/usr/share/texlive/texmf-dist/tex/latex/base/t1enc.dfu
File: t1enc.dfu 2017/01/28 v1.1t UTF-8 support for inputenc
   defining Unicode char U+00A0 (decimal 160)
   defining Unicode char U+00A1 (decimal 161)
   defining Unicode char U+00A3 (decimal 163)
   defining Unicode char U+00AB (decimal 171)
   defining Unicode char U+00AD (decimal 173)
   defining Unicode char U+00BB (decimal 187)
   defining Unicode char U+00BF (decimal 191)
   defining Unicode char U+00C0 (decimal 192)
   defining Unicode char U+00C1 (decimal 193)
   defining Unicode char U+00C2 (decimal 194)
   defining Unicode char U+00C3 (decimal 195)
   defining Unicode char U+00C4 (decimal 196)
   defining Unicode char U+00C5 (decimal 197)
   defining Unicode char U+00C6 (decimal 198)
   defining Unicode char U+00C7 (decimal 199)
   defining Unicode char U+00C8 (decimal 200)
   defining Unicode char U+00C9 (decimal 201)
   defining Unicode char U+00CA (decimal 202)
   defining Unicode char U+00CB (decimal 203)
   defining Unicode char U+00CC (decimal 204)
   defining Unicode char U+00CD (decimal 205)
   defining Unicode char U+00CE (decimal 206)
   defining Unicode char U+00CF (decimal 207)
   defining Unicode char U+00D0 (decimal 208)
   defining Unicode char U+00D1 (decimal 209)
   defining Unicode char U+00D2 (decimal 210)
   defining Unicode char U+00D3 (decimal 211)
   defining Unicode char U+00D4 (decimal 212)
   defining Unicode char U+00D5 (decimal 213)
   defining Unicode char U+00D6 (decimal 214)
   defining Unicode char U+00D8 (decimal 216)
   defining Unicode char U+00D9 (decimal 217)
   defining Unicode char U+00DA (decimal 218)
   defining Unicode char U+00DB (decimal 219)
   defining Unicode char U+00DC (decimal 220)
   defining Unicode char U+00DD (decimal 221)
   defining Unicode char U+00DE (decimal 222)
   defining Unicode char U+00DF (decimal 223)
   defining Unicode char U+00E0 (decimal 224)
   defining Unicode char U+00E1 (decimal 225)
   defining Unicode char U+00E2 (decimal 226)
   defining Unicode char U+00E3 (decimal 227)
   defining Unicode char U+00E4 (decimal 228)
   defining Unicode char U+00E5 (decimal 229)
   defining Unicode char U+00E6 (decimal 230)
   defining Unicode char U+00E7 (decimal 231)
   defining Unicode char U+00E8 (decimal 232)
   defining Unicode char U+00E9 (decimal 233)
   defining Unicode char U+00EA (decimal 234)
   defining Unicode char U+00EB (decimal 235)
   defining Unicode char U+00EC (decimal 236)
   defining Unicode char U+00ED (decimal 237)
   defining Unicode char U+00EE (decimal 238)
   defining Unicode char U+00EF (decimal 239)
   defining Unicode char U+00F0 (decimal 240)
   defining Unicode char U+00F1 (decimal 241)
   defining Unicode char U+00F2 (decimal 242)
   defining Unicode char U+00F3 (decimal 243)
   defining Unicode char U+00F4 (decimal 244)
   defining Unicode char U+00F5 (decimal 245)
   defining Unicode char U+00F6 (decimal 246)
   defining Unicode char U+00F8 (decimal 248)
   defining Unicode char U+00F9 (decimal 249)
   defining Unicode char U+00FA (decimal 250)
   defining Unicode char U+00FB (decimal 251)
   defining Unicode char U+00FC (decimal 252)
   defining Unicode char U+00FD (decimal 253)
   defining Unicode char U+00FE (decimal 254)
   defining Unicode char U+00FF (decimal 255)
   defining Unicode char U+0100 (decimal 256)
   defining Unicode char U+0101 (decimal 257)
   defining Unicode char U+0102 (decimal 258)
   defining Unicode char U+0103 (decimal 259)
   defining Unicode char U+0104 (decimal 260)
   defining Unicode char U+0105 (decimal 261)
   defining Unicode char U+0106 (decimal 262)
   defining Unicode char U+0107 (decimal 263)
   defining Unicode char U+0108 (decimal 264)
   defining Unicode char U+0109 (decimal 265)
   defining Unicode char U+010A (decimal 266)
   defining Unicode char U+010B (decimal 267)
   defining Unicode char U+010C (decimal 268)
   defining Unicode char U+010D (decimal 269)
   defining Unicode char U+010E (decimal 270)
   defining Unicode char U+010F (decimal 271)
   defining Unicode char U+0110 (decimal 272)
   defining Unicode char U+0111 (decimal 273)
   defining Unicode char U+0112 (decimal 274)
   defining Unicode char U+0113 (decimal 275)
   defining Unicode char U+0114 (decimal 276)
   defining Unicode char U+0115 (decimal 277)
   defining Unicode char U+0116 (decimal 278)
   defining Unicode char U+0117 (decimal 279)
   defining Unicode char U+0118 (decimal 280)
   defining Unicode char U+0119 (decimal 281)
   defining Unicode char U+011A (decimal 282)
   defining Unicode char U+011B (decimal 283)
   defining Unicode char U+011C (decimal 284)
   defining Unicode char U+011D (decimal 285)
   defining Unicode char U+011E (decimal 286)
   defining Unicode char U+011F (decimal 287)
   defining Unicode char U+0120 (decimal 288)
   defining Unicode char U+0121 (decimal 289)
   defining Unicode char U+0122 (decimal 290)
   defining Unicode char U+0123 (decimal 291)
   defining Unicode char U+0124 (decimal 292)
   defining Unicode char U+0125 (decimal 293)
   defining Unicode char U+0128 (decimal 296)
   defining Unicode char U+0129 (decimal 297)
   defining Unicode char U+012A (decimal 298)
   defining Unicode char U+012B (decimal 299)
   defining Unicode char U+012C (decimal 300)
   defining Unicode char U+012D (decimal 301)
   defining Unicode char U+012E (decimal 302)
   defining Unicode char U+012F (decimal 303)
   defining Unicode char U+0130 (decimal 304)
   defining Unicode char U+0131 (decimal 305)
   defining Unicode char U+0132 (decimal 306)
   defining Unicode char U+0133 (decimal 307)
   defining Unicode char U+0134 (decimal 308)
   defining Unicode char U+0135 (decimal 309)
   defining Unicode char U+0136 (decimal 310)
   defining Unicode char U+0137 (decimal 311)
   defining Unicode char U+0139 (decimal 313)
   defining Unicode char U+013A (decimal 314)
   defining Unicode char U+013B (decimal 315)
   defining Unicode char U+013C (decimal 316)
   defining Unicode char U+013D (decimal 317)
   defining Unicode char U+013E (decimal 318)
   defining Unicode char U+0141 (decimal 321)
   defining Unicode char U+0142 (decimal 322)
   defining Unicode char U+0143 (decimal 323)
   defining Unicode char U+0144 (decimal 324)
   defining Unicode char U+0145 (decimal 325)
   defining Unicode char U+0146 (decimal 326)
   defining Unicode char U+0147 (decimal 327)
   defining Unicode char U+0148 (decimal 328)
   defining Unicode char U+014A (decimal 330)
   defining Unicode char U+014B (decimal 331)
   defining Unicode char U+014C (decimal 332)
   defining Unicode char U+014D (decimal 333)
   defining Unicode char U+014E (decimal 334)
   defining Unicode char U+014F (decimal 335)
   defining Unicode char U+0150 (decimal 336)
   defining Unicode char U+0151 (decimal 337)
   defining Unicode char U+0152 (decimal 338)
   defining Unicode char U+0153 (decimal 339)
   defining Unicode char U+0154 (decimal 340)
   defining Unicode char U+0155 (decimal 341)
   defining Unicode char U+0156 (decimal 342)
   defining Unicode char U+0157 (decimal 343)
   defining Unicode char U+0158 (decimal 344)
   defining Unicode char U+0159 (decimal 345)
   defining Unicode char U+015A (decimal 346)
   defining Unicode char U+015B (decimal 347)
   defining Unicode char U+015C (decimal 348)
   defining Unicode char U+015D (decimal 349)
   defining Unicode char U+015E (decimal 350)
   defining Unicode char U+015F (decimal 351)
   defining Unicode char U+0160 (decimal 352)
   defining Unicode char U+0161 (decimal 353)
   defining Unicode char U+0162 (decimal 354)
   defining Unicode char U+0163 (decimal 355)
   defining Unicode char U+0164 (decimal 356)
   defining Unicode char U+0165 (decimal 357)
   defining Unicode char U+0168 (decimal 360)
   defining Unicode char U+0169 (decimal 361)
   defining Unicode char U+016A (decimal 362)
   defining Unicode char U+016B (decimal 363)
   defining Unicode char U+016C (decimal 364)
   defining Unicode char U+016D (decimal 365)
   defining Unicode char U+016E (decimal 366)
   defining Unicode char U+016F (decimal 367)
   defining Unicode char U+0170 (decimal 368)
   defining Unicode char U+0171 (decimal 369)
   defining Unicode char U+0172 (decimal 370)
   defining Unicode char U+0173 (decimal 371)
   defining Unicode char U+0174 (decimal 372)
   defining Unicode char U+0175 (decimal 373)
   defining Unicode char U+0176 (decimal 374)
   defining Unicode char U+0177 (decimal 375)
   defining Unicode char U+0178 (decimal 376)
   defining Unicode char U+0179 (decimal 377)
   defining Unicode char U+017A (decimal 378)
   defining Unicode char U+017B (decimal 379)
   defining Unicode char U+017C (decimal 380)
   defining Unicode char U+017D (decimal 381)
   defining Unicode char U+017E (decimal 382)
   defining Unicode char U+01CD (decimal 461)
   defining Unicode char U+01CE (decimal 462)
   defining Unicode char U+01CF (decimal 463)
   defining Unicode char U+01D0 (decimal 464)
   defining Unicode char U+01D1 (decimal 465)
   defining Unicode char U+01D2 (decimal 466)
   defining Unicode char U+01D3 (decimal 467)
   defining Unicode char U+01D4 (decimal 468)
   defining Unicode char U+01E2 (decimal 482)
   defining Unicode char U+01E3 (decimal 483)
   defining Unicode char U+01E6 (decimal 486)
   defining Unicode char U+01E7 (decimal 487)
   defining Unicode char U+01E8 (decimal 488)
   defining Unicode char U+01E9 (decimal 489)
   defining Unicode char U+01EA (decimal 490)
   defining Unicode char U+01EB (decimal 491)
   defining Unicode char U+01F0 (decimal 496)
   defining Unicode char U+01F4 (decimal 500)
   defining Unicode char U+01F5 (decimal 501)
   defining Unicode char U+0218 (decimal 536)
   defining Unicode char U+0219 (decimal 537)
   defining Unicode char U+021A (decimal 538)
   defining Unicode char U+021B (decimal 539)
   defining Unicode char U+0232 (decimal 562)
   defining Unicode char U+0233 (decimal 563)
   defining Unicode char U+1E02 (decimal 7682)
   defining Unicode char U+1E03 (decimal 7683)
   defining Unicode char U+200C (decimal 8204)
   defining Unicode char U+2010 (decimal 8208)
   defining Unicode char U+2011 (decimal 8209)
   defining Unicode char U+2012 (decimal 8210)
   defining Unicode char U+2013 (decimal 8211)
   defining Unicode char U+2014 (decimal 8212)
   defining Unicode char U+2015 (decimal 8213)
   defining Unicode char U+2018 (decimal 8216)
   defining Unicode char U+2019 (decimal 8217)
   defining Unicode char U+201A (decimal 8218)
   defining Unicode char U+201C (decimal 8220)
   defining Unicode char U+201D (decimal 8221)
   defining Unicode char U+201E (decimal 8222)
   defining Unicode char U+2030 (decimal 8240)
   defining Unicode char U+2031 (decimal 8241)
   defining Unicode char U+2039 (decimal 8249)
   defining Unicode char U+203A (decimal 8250)
   defining Unicode char U+2423 (decimal 9251)
   defining Unicode char U+1E20 (decimal 7712)
   defining Unicode char U+1E21 (decimal 7713)
)
Now handling font encoding OT1 ...
... processing UTF-8 mapping file for font encoding OT1

(/usr/share/texlive/texmf-dist/tex/latex/base/ot1enc.dfu
File: ot1enc.dfu 2017/01/28 v1.1t UTF-8 support for inputenc
   defining Unicode char U+00A0 (decimal 160)
   defining Unicode char U+00A1 (decimal 161)
   defining Unicode char U+00A3 (decimal 163)
   defining Unicode char U+00AD (decimal 173)
   defining Unicode char U+00B8 (decimal 184)
   defining Unicode char U+00BF (decimal 191)
   defining Unicode char U+00C5 (decimal 197)
   defining Unicode char U+00C6 (decimal 198)
   defining Unicode char U+00D8 (decimal 216)
   defining Unicode char U+00DF (decimal 223)
   defining Unicode char U+00E6 (decimal 230)
   defining Unicode char U+00EC (decimal 236)
   defining Unicode char U+00ED (decimal 237)
   defining Unicode char U+00EE (decimal 238)
   defining Unicode char U+00EF (decimal 239)
   defining Unicode char U+00F8 (decimal 248)
   defining Unicode char U+0131 (decimal 305)
   defining Unicode char U+0141 (decimal 321)
   defining Unicode char U+0142 (decimal 322)
   defining Unicode char U+0152 (decimal 338)
   defining Unicode char U+0153 (decimal 339)
   defining Unicode char U+0174 (decimal 372)
   defining Unicode char U+0175 (decimal 373)
   defining Unicode char U+0176 (decimal 374)
   defining Unicode char U+0177 (decimal 375)
   defining Unicode char U+0218 (decimal 536)
   defining Unicode char U+0219 (decimal 537)
   defining Unicode char U+021A (decimal 538)
   defining Unicode char U+021B (decimal 539)
   defining Unicode char U+2013 (decimal 8211)
   defining Unicode char U+2014 (decimal 8212)
   defining Unicode char U+2018 (decimal 8216)
   defining Unicode char U+2019 (decimal 8217)
   defining Unicode char U+201C (decimal 8220)
   defining Unicode char U+201D (decimal 8221)
)
Now handling font encoding OMS ...
... processing UTF-8 mapping file for font encoding OMS

(/usr/share/texlive/texmf-dist/tex/latex/base/omsenc.dfu
File: omsenc.dfu 2017/01/28 v1.1t UTF-8 support for inputenc
   defining Unicode char U+00A7 (decimal 167)
   defining Unicode char U+00B6 (decimal 182)
   defining Unicode char U+00B7 (decimal 183)
   defining Unicode char U+2020 (decimal 8224)
   defining Unicode char U+2021 (decimal 8225)
   defining Unicode char U+2022 (decimal 8226)
)
Now handling font encoding OMX ...
... no UTF-8 mapping file for font encoding OMX
Now handling font encoding U ...
... no UTF-8 mapping file for font encoding U
   defining Unicode char U+00A9 (decimal 169)
   defining Unicode char U+00AA (decimal 170)
   defining Unicode char U+00AE (decimal 174)
   defining Unicode char U+00BA (decimal 186)
   defining Unicode char U+02C6 (decimal 710)
   defining Unicode char U+02DC (decimal 732)
   defining Unicode char U+200C (decimal 8204)
   defining Unicode char U+2026 (decimal 8230)
   defining Unicode char U+2122 (decimal 8482)
   defining Unicode char U+2423 (decimal 9251)
))
   defining Unicode char U+00A0 (decimal 160)
   defining Unicode char U+2500 (decimal 9472)
   defining Unicode char U+2502 (decimal 9474)
   defining Unicode char U+2514 (decimal 9492)
   defining Unicode char U+251C (decimal 9500)
   defining Unicode char U+2572 (decimal 9586)

(/usr/share/texlive/texmf-dist/tex/latex/cmap/cmap.sty
Package: cmap 2008/03/06 v1.0h CMap support: searchable PDF
)
(/usr/share/texlive/texmf-dist/tex/latex/base/fontenc.sty
Package: fontenc 2017/04/05 v2.0i Standard LaTeX package

(/usr/share/texlive/texmf-dist/tex/latex/base/t1enc.def
File: t1enc.def 2017/04/05 v2.0i Standard LaTeX file
LaTeX Font Info:    Redeclaring font encoding T1 on input line 48.
)<<t1.cmap>>)
(/usr/share/texlive/texmf-dist/tex/latex/amsmath/amsmath.sty
Package: amsmath 2017/09/02 v2.17a AMS math features
\@mathmargin=\skip43

For additional information on amsmath, use the `?' option.
(/usr/share/texlive/texmf-dist/tex/latex/amsmath/amstext.sty
Package: amstext 2000/06/29 v2.01 AMS text

(/usr/share/texlive/texmf-dist/tex/latex/amsmath/amsgen.sty
File: amsgen.sty 1999/11/30 v2.0 generic functions
\@emptytoks=\toks16
\ex@=\dimen103
))
(/usr/share/texlive/texmf-dist/tex/latex/amsmath/amsbsy.sty
Package: amsbsy 1999/11/29 v1.2d Bold Symbols
\pmbraise@=\dimen104
)
(/usr/share/texlive/texmf-dist/tex/latex/amsmath/amsopn.sty
Package: amsopn 2016/03/08 v2.02 operator names
)
\inf@bad=\count88
LaTeX Info: Redefining \frac on input line 213.
\uproot@=\count89
\leftroot@=\count90
LaTeX Info: Redefining \overline on input line 375.
\classnum@=\count91
\DOTSCASE@=\count92
LaTeX Info: Redefining \ldots on input line 472.
LaTeX Info: Redefining \dots on input line 475.
LaTeX Info: Redefining \cdots on input line 596.
\Mathstrutbox@=\box26
\strutbox@=\box27
\big@size=\dimen105
LaTeX Font Info:    Redeclaring font encoding OML on input line 712.
LaTeX Font Info:    Redeclaring font encoding OMS on input line 713.
\macc@depth=\count93
\c@MaxMatrixCols=\count94
\dotsspace@=\muskip10
\c@parentequation=\count95
\dspbrk@lvl=\count96
\tag@help=\toks17
\row@=\count97
\column@=\count98
\maxfields@=\count99
\andhelp@=\toks18
\eqnshift@=\dimen106
\alignsep@=\dimen107
\tagshift@=\dimen108
\tagwidth@=\dimen109
\totwidth@=\dimen110
\lineht@=\dimen111
\@envbody=\toks19
\multlinegap=\skip44
\multlinetaggap=\skip45
\mathdisplay@stack=\toks20
LaTeX Info: Redefining \[ on input line 2817.
LaTeX Info: Redefining \] on input line 2818.
)
(/usr/share/texlive/texmf-dist/tex/latex/amsfonts/amssymb.sty
Package: amssymb 2013/01/14 v3.01 AMS font symbols

(/usr/share/texlive/texmf-dist/tex/latex/amsfonts/amsfonts.sty
Package: amsfonts 2013/01/14 v3.01 Basic AMSFonts support
\symAMSa=\mathgroup4
\symAMSb=\mathgroup5
LaTeX Font Info:    Overwriting math alphabet `\mathfrak' in version `bold'
(Font)                  U/euf/m/n --> U/euf/b/n on input line 106.
))
(/usr/share/texlive/texmf-dist/tex/generic/babel/babel.sty
Package: babel 2018/02/14 3.18 The Babel package

(/usr/share/texlive/texmf-dist/tex/generic/babel/switch.def
File: switch.def 2018/02/14 3.18 Babel switching mechanism
)
(/usr/share/texlive/texmf-dist/tex/generic/babel-english/english.ldf
Language: english 2017/06/06 v3.3r English support from the babel system

(/usr/share/texlive/texmf-dist/tex/generic/babel/babel.def
File: babel.def 2018/02/14 3.18 Babel common definitions
\babel@savecnt=\count100
\U@D=\dimen112

(/usr/share/texlive/texmf-dist/tex/generic/babel/txtbabel.def)
\bbl@dirlevel=\count101
)
\l@british = a dialect from \language\l@english 
\l@UKenglish = a dialect from \language\l@english 
\l@canadian = a dialect from \language\l@american 
\l@australian = a dialect from \language\l@british 
\l@newzealand = a dialect from \language\l@british 
))
(/usr/share/texlive/texmf-dist/tex/latex/psnfss/times.sty
Package: times 2005/04/12 PSNFSS-v9.2a (SPQR) 
)
(/usr/share/texlive/texmf-dist/tex/latex/fncychap/fncychap.sty
Package: fncychap 2007/07/30 v1.34 LaTeX package (Revised chapters)
\RW=\skip46
\mylen=\skip47
\myhi=\skip48
\px=\skip49
\py=\skip50
\pyy=\skip51
\pxx=\skip52
) (./sphinx.sty
Package: sphinx 2019/01/12 v1.8.4 LaTeX package (Sphinx markup)

(/usr/share/texlive/texmf-dist/tex/generic/oberdiek/ltxcmds.sty
Package: ltxcmds 2016/05/16 v1.23 LaTeX kernel commands for general use (HO)
)
(/usr/share/texlive/texmf-dist/tex/latex/graphics/graphicx.sty
Package: graphicx 2017/06/01 v1.1a Enhanced LaTeX Graphics (DPC,SPQR)

(/usr/share/texlive/texmf-dist/tex/latex/graphics/keyval.sty
Package: keyval 2014/10/28 v1.15 key=value parser (DPC)
\KV@toks@=\toks21
)
(/usr/share/texlive/texmf-dist/tex/latex/graphics/graphics.sty
Package: graphics 2017/06/25 v1.2c Standard LaTeX Graphics (DPC,SPQR)

(/usr/share/texlive/texmf-dist/tex/latex/graphics/trig.sty
Package: trig 2016/01/03 v1.10 sin cos tan (DPC)
)
(/usr/share/texlive/texmf-dist/tex/latex/graphics-cfg/graphics.cfg
File: graphics.cfg 2016/06/04 v1.11 sample graphics configuration
)
Package graphics Info: Driver file: pdftex.def on input line 99.

(/usr/share/texlive/texmf-dist/tex/latex/graphics-def/pdftex.def
File: pdftex.def 2018/01/08 v1.0l Graphics/color driver for pdftex
))
\Gin@req@height=\dimen113
\Gin@req@width=\dimen114
)
(/usr/share/texlive/texmf-dist/tex/latex/fancyhdr/fancyhdr.sty
Package: fancyhdr 2017/06/30 v3.9a Extensive control of page headers and footer
s
\f@nch@headwidth=\skip53
\f@nch@O@elh=\skip54
\f@nch@O@erh=\skip55
\f@nch@O@olh=\skip56
\f@nch@O@orh=\skip57
\f@nch@O@elf=\skip58
\f@nch@O@erf=\skip59
\f@nch@O@olf=\skip60
\f@nch@O@orf=\skip61
)
(/usr/share/texlive/texmf-dist/tex/latex/base/textcomp.sty
Package: textcomp 2017/04/05 v2.0i Standard LaTeX package
Package textcomp Info: Sub-encoding information:
(textcomp)               5 = only ISO-Adobe without \textcurrency
(textcomp)               4 = 5 + \texteuro
(textcomp)               3 = 4 + \textohm
(textcomp)               2 = 3 + \textestimated + \textcurrency
(textcomp)               1 = TS1 - \textcircled - \t
(textcomp)               0 = TS1 (full)
(textcomp)             Font families with sub-encoding setting implement
(textcomp)             only a restricted character set as indicated.
(textcomp)             Family '?' is the default used for unknown fonts.
(textcomp)             See the documentation for details.
Package textcomp Info: Setting ? sub-encoding to TS1/1 on input line 79.

(/usr/share/texlive/texmf-dist/tex/latex/base/ts1enc.def
File: ts1enc.def 2001/06/05 v3.0e (jk/car/fm) Standard LaTeX file
Now handling font encoding TS1 ...
... processing UTF-8 mapping file for font encoding TS1

(/usr/share/texlive/texmf-dist/tex/latex/base/ts1enc.dfu
File: ts1enc.dfu 2017/01/28 v1.1t UTF-8 support for inputenc
   defining Unicode char U+00A2 (decimal 162)
   defining Unicode char U+00A3 (decimal 163)
   defining Unicode char U+00A4 (decimal 164)
   defining Unicode char U+00A5 (decimal 165)
   defining Unicode char U+00A6 (decimal 166)
   defining Unicode char U+00A7 (decimal 167)
   defining Unicode char U+00A8 (decimal 168)
   defining Unicode char U+00A9 (decimal 169)
   defining Unicode char U+00AA (decimal 170)
   defining Unicode char U+00AC (decimal 172)
   defining Unicode char U+00AE (decimal 174)
   defining Unicode char U+00AF (decimal 175)
   defining Unicode char U+00B0 (decimal 176)
   defining Unicode char U+00B1 (decimal 177)
   defining Unicode char U+00B2 (decimal 178)
   defining Unicode char U+00B3 (decimal 179)
   defining Unicode char U+00B4 (decimal 180)
   defining Unicode char U+00B5 (decimal 181)
   defining Unicode char U+00B6 (decimal 182)
   defining Unicode char U+00B7 (decimal 183)
   defining Unicode char U+00B9 (decimal 185)
   defining Unicode char U+00BA (decimal 186)
   defining Unicode char U+00BC (decimal 188)
   defining Unicode char U+00BD (decimal 189)
   defining Unicode char U+00BE (decimal 190)
   defining Unicode char U+00D7 (decimal 215)
   defining Unicode char U+00F7 (decimal 247)
   defining Unicode char U+0192 (decimal 402)
   defining Unicode char U+02C7 (decimal 711)
   defining Unicode char U+02D8 (decimal 728)
   defining Unicode char U+02DD (decimal 733)
   defining Unicode char U+0E3F (decimal 3647)
   defining Unicode char U+2016 (decimal 8214)
   defining Unicode char U+2020 (decimal 8224)
   defining Unicode char U+2021 (decimal 8225)
   defining Unicode char U+2022 (decimal 8226)
   defining Unicode char U+2030 (decimal 8240)
   defining Unicode char U+2031 (decimal 8241)
   defining Unicode char U+203B (decimal 8251)
   defining Unicode char U+203D (decimal 8253)
   defining Unicode char U+2044 (decimal 8260)
   defining Unicode char U+204E (decimal 8270)
   defining Unicode char U+2052 (decimal 8274)
   defining Unicode char U+20A1 (decimal 8353)
   defining Unicode char U+20A4 (decimal 8356)
   defining Unicode char U+20A6 (decimal 8358)
   defining Unicode char U+20A9 (decimal 8361)
   defining Unicode char U+20AB (decimal 8363)
   defining Unicode char U+20AC (decimal 8364)
   defining Unicode char U+20B1 (decimal 8369)
   defining Unicode char U+2103 (decimal 8451)
   defining Unicode char U+2116 (decimal 8470)
   defining Unicode char U+2117 (decimal 8471)
   defining Unicode char U+211E (decimal 8478)
   defining Unicode char U+2120 (decimal 8480)
   defining Unicode char U+2122 (decimal 8482)
   defining Unicode char U+2126 (decimal 8486)
   defining Unicode char U+2127 (decimal 8487)
   defining Unicode char U+212E (decimal 8494)
   defining Unicode char U+2190 (decimal 8592)
   defining Unicode char U+2191 (decimal 8593)
   defining Unicode char U+2192 (decimal 8594)
   defining Unicode char U+2193 (decimal 8595)
   defining Unicode char U+2329 (decimal 9001)
   defining Unicode char U+232A (decimal 9002)
   defining Unicode char U+2422 (decimal 9250)
   defining Unicode char U+25E6 (decimal 9702)
   defining Unicode char U+25EF (decimal 9711)
   defining Unicode char U+266A (decimal 9834)
))
LaTeX Info: Redefining \oldstylenums on input line 334.
Package textcomp Info: Setting cmr sub-encoding to TS1/0 on input line 349.
Package textcomp Info: Setting cmss sub-encoding to TS1/0 on input line 350.
Package textcomp Info: Setting cmtt sub-encoding to TS1/0 on input line 351.
Package textcomp Info: Setting cmvtt sub-encoding to TS1/0 on input line 352.
Package textcomp Info: Setting cmbr sub-encoding to TS1/0 on input line 353.
Package textcomp Info: Setting cmtl sub-encoding to TS1/0 on input line 354.
Package textcomp Info: Setting ccr sub-encoding to TS1/0 on input line 355.
Package textcomp Info: Setting ptm sub-encoding to TS1/4 on input line 356.
Package textcomp Info: Setting pcr sub-encoding to TS1/4 on input line 357.
Package textcomp Info: Setting phv sub-encoding to TS1/4 on input line 358.
Package textcomp Info: Setting ppl sub-encoding to TS1/3 on input line 359.
Package textcomp Info: Setting pag sub-encoding to TS1/4 on input line 360.
Package textcomp Info: Setting pbk sub-encoding to TS1/4 on input line 361.
Package textcomp Info: Setting pnc sub-encoding to TS1/4 on input line 362.
Package textcomp Info: Setting pzc sub-encoding to TS1/4 on input line 363.
Package textcomp Info: Setting bch sub-encoding to TS1/4 on input line 364.
Package textcomp Info: Setting put sub-encoding to TS1/5 on input line 365.
Package textcomp Info: Setting uag sub-encoding to TS1/5 on input line 366.
Package textcomp Info: Setting ugq sub-encoding to TS1/5 on input line 367.
Package textcomp Info: Setting ul8 sub-encoding to TS1/4 on input line 368.
Package textcomp Info: Setting ul9 sub-encoding to TS1/4 on input line 369.
Package textcomp Info: Setting augie sub-encoding to TS1/5 on input line 370.
Package textcomp Info: Setting dayrom sub-encoding to TS1/3 on input line 371.
Package textcomp Info: Setting dayroms sub-encoding to TS1/3 on input line 372.

Package textcomp Info: Setting pxr sub-encoding to TS1/0 on input line 373.
Package textcomp Info: Setting pxss sub-encoding to TS1/0 on input line 374.
Package textcomp Info: Setting pxtt sub-encoding to TS1/0 on input line 375.
Package textcomp Info: Setting txr sub-encoding to TS1/0 on input line 376.
Package textcomp Info: Setting txss sub-encoding to TS1/0 on input line 377.
Package textcomp Info: Setting txtt sub-encoding to TS1/0 on input line 378.
Package textcomp Info: Setting lmr sub-encoding to TS1/0 on input line 379.
Package textcomp Info: Setting lmdh sub-encoding to TS1/0 on input line 380.
Package textcomp Info: Setting lmss sub-encoding to TS1/0 on input line 381.
Package textcomp Info: Setting lmssq sub-encoding to TS1/0 on input line 382.
Package textcomp Info: Setting lmvtt sub-encoding to TS1/0 on input line 383.
Package textcomp Info: Setting lmtt sub-encoding to TS1/0 on input line 384.
Package textcomp Info: Setting qhv sub-encoding to TS1/0 on input line 385.
Package textcomp Info: Setting qag sub-encoding to TS1/0 on input line 386.
Package textcomp Info: Setting qbk sub-encoding to TS1/0 on input line 387.
Package textcomp Info: Setting qcr sub-encoding to TS1/0 on input line 388.
Package textcomp Info: Setting qcs sub-encoding to TS1/0 on input line 389.
Package textcomp Info: Setting qpl sub-encoding to TS1/0 on input line 390.
Package textcomp Info: Setting qtm sub-encoding to TS1/0 on input line 391.
Package textcomp Info: Setting qzc sub-encoding to TS1/0 on input line 392.
Package textcomp Info: Setting qhvc sub-encoding to TS1/0 on input line 393.
Package textcomp Info: Setting futs sub-encoding to TS1/4 on input line 394.
Package textcomp Info: Setting futx sub-encoding to TS1/4 on input line 395.
Package textcomp Info: Setting futj sub-encoding to TS1/4 on input line 396.
Package textcomp Info: Setting hlh sub-encoding to TS1/3 on input line 397.
Package textcomp Info: Setting hls sub-encoding to TS1/3 on input line 398.
Package textcomp Info: Setting hlst sub-encoding to TS1/3 on input line 399.
Package textcomp Info: Setting hlct sub-encoding to TS1/5 on input line 400.
Package textcomp Info: Setting hlx sub-encoding to TS1/5 on input line 401.
Package textcomp Info: Setting hlce sub-encoding to TS1/5 on input line 402.
Package textcomp Info: Setting hlcn sub-encoding to TS1/5 on input line 403.
Package textcomp Info: Setting hlcw sub-encoding to TS1/5 on input line 404.
Package textcomp Info: Setting hlcf sub-encoding to TS1/5 on input line 405.
Package textcomp Info: Setting pplx sub-encoding to TS1/3 on input line 406.
Package textcomp Info: Setting pplj sub-encoding to TS1/3 on input line 407.
Package textcomp Info: Setting ptmx sub-encoding to TS1/4 on input line 408.
Package textcomp Info: Setting ptmj sub-encoding to TS1/4 on input line 409.
)
(/usr/share/texlive/texmf-dist/tex/latex/titlesec/titlesec.sty
Package: titlesec 2016/03/21 v2.10.2 Sectioning titles
\ttl@box=\box28
\beforetitleunit=\skip62
\aftertitleunit=\skip63
\ttl@plus=\dimen115
\ttl@minus=\dimen116
\ttl@toksa=\toks22
\titlewidth=\dimen117
\titlewidthlast=\dimen118
\titlewidthfirst=\dimen119
)
(/usr/share/texlive/texmf-dist/tex/latex/tabulary/tabulary.sty
Package: tabulary 2014/06/11 v0.10 tabulary package (DPC)

(/usr/share/texlive/texmf-dist/tex/latex/tools/array.sty
Package: array 2016/10/06 v2.4d Tabular extension package (FMi)
\col@sep=\dimen120
\extrarowheight=\dimen121
\NC@list=\toks23
\extratabsurround=\skip64
\backup@length=\skip65
)
\TY@count=\count102
\TY@linewidth=\dimen122
\tymin=\dimen123
\tymax=\dimen124
\TY@tablewidth=\dimen125
)
(/usr/share/texlive/texmf-dist/tex/latex/tools/longtable.sty
Package: longtable 2014/10/28 v4.11 Multi-page Table package (DPC)
\LTleft=\skip66
\LTright=\skip67
\LTpre=\skip68
\LTpost=\skip69
\LTchunksize=\count103
\LTcapwidth=\dimen126
\LT@head=\box29
\LT@firsthead=\box30
\LT@foot=\box31
\LT@lastfoot=\box32
\LT@cols=\count104
\LT@rows=\count105
\c@LT@tables=\count106
\c@LT@chunks=\count107
\LT@p@ftn=\toks24
)
(/usr/share/texlive/texmf-dist/tex/latex/varwidth/varwidth.sty
Package: varwidth 2009/03/30 ver 0.92;  Variable-width minipages
\@vwid@box=\box33
\sift@deathcycles=\count108
\@vwid@loff=\dimen127
\@vwid@roff=\dimen128
)
(./sphinxmulticell.sty
Package: sphinxmulticell 2017/02/23 v1.6 better span rows and columns of a tabl
e (Sphinx team)
\sphinx@TY@tablewidth=\dimen129
)
(/usr/share/texlive/texmf-dist/tex/latex/base/makeidx.sty
Package: makeidx 2014/09/29 v1.0m Standard LaTeX package
)
(/usr/share/texlive/texmf-dist/tex/latex/framed/framed.sty
Package: framed 2011/10/22 v 0.96: framed or shaded text with page breaks
\OuterFrameSep=\skip70
\fb@frw=\dimen130
\fb@frh=\dimen131
\FrameRule=\dimen132
\FrameSep=\dimen133
)
(/usr/share/texlive/texmf-dist/tex/latex/xcolor/xcolor.sty
Package: xcolor 2016/05/11 v2.12 LaTeX color extensions (UK)

(/usr/share/texlive/texmf-dist/tex/latex/graphics-cfg/color.cfg
File: color.cfg 2016/01/02 v1.6 sample color configuration
)
Package xcolor Info: Driver file: pdftex.def on input line 225.
Package xcolor Info: Model `cmy' substituted by `cmy0' on input line 1348.
Package xcolor Info: Model `hsb' substituted by `rgb' on input line 1352.
Package xcolor Info: Model `RGB' extended on input line 1364.
Package xcolor Info: Model `HTML' substituted by `rgb' on input line 1366.
Package xcolor Info: Model `Hsb' substituted by `hsb' on input line 1367.
Package xcolor Info: Model `tHsb' substituted by `hsb' on input line 1368.
Package xcolor Info: Model `HSB' substituted by `hsb' on input line 1369.
Package xcolor Info: Model `Gray' substituted by `gray' on input line 1370.
Package xcolor Info: Model `wave' substituted by `hsb' on input line 1371.
)
(/usr/share/texlive/texmf-dist/tex/latex/fancyvrb/fancyvrb.sty
Package: fancyvrb 2008/02/07

Style option: `fancyvrb' v2.7a, with DG/SPQR fixes, and firstline=lastline fix 
<2008/02/07> (tvz)
\FV@CodeLineNo=\count109
\FV@InFile=\read1
\FV@TabBox=\box34
\c@FancyVerbLine=\count110
\FV@StepNumber=\count111
\FV@OutFile=\write3
) (./footnotehyper-sphinx.sty
Package: footnotehyper-sphinx 2017/10/27 v1.7 hyperref aware footnote.sty for s
phinx (JFB)
\FNH@notes=\box35
\FNH@width=\dimen134
)
(/usr/share/texlive/texmf-dist/tex/latex/float/float.sty
Package: float 2001/11/08 v1.3d Float enhancements (AL)
\c@float@type=\count112
\float@exts=\toks25
\float@box=\box36
\@float@everytoks=\toks26
\@floatcapt=\box37
)
(/usr/share/texlive/texmf-dist/tex/latex/wrapfig/wrapfig.sty
\wrapoverhang=\dimen135
\WF@size=\dimen136
\c@WF@wrappedlines=\count113
\WF@box=\box38
\WF@everypar=\toks27
Package: wrapfig 2003/01/31  v 3.6
)
(/usr/share/texlive/texmf-dist/tex/latex/parskip/parskip.sty
Package: parskip 2001/04/09 non-zero parskip adjustments
)
(/usr/share/texlive/texmf-dist/tex/latex/base/alltt.sty
Package: alltt 1997/06/16 v2.0g defines alltt environment
)
(/usr/share/texlive/texmf-dist/tex/latex/upquote/upquote.sty
Package: upquote 2012/04/19 v1.3 upright-quote and grave-accent glyphs in verba
tim
)
(/usr/share/texlive/texmf-dist/tex/latex/capt-of/capt-of.sty
Package: capt-of 2009/12/29 v0.2 standard captions outside of floats
)
(/usr/share/texlive/texmf-dist/tex/latex/needspace/needspace.sty
Package: needspace 2010/09/12 v1.3d reserve vertical space
)
(/usr/share/texlive/texmf-dist/tex/latex/carlisle/remreset.sty)
(./sphinxhighlight.sty
Package: sphinxhighlight 2016/05/29 stylesheet for highlighting with pygments
)
(/usr/share/texlive/texmf-dist/tex/latex/oberdiek/kvoptions.sty
Package: kvoptions 2016/05/16 v3.12 Key value format for package options (HO)

(/usr/share/texlive/texmf-dist/tex/generic/oberdiek/kvsetkeys.sty
Package: kvsetkeys 2016/05/16 v1.17 Key value parser (HO)

(/usr/share/texlive/texmf-dist/tex/generic/oberdiek/infwarerr.sty
Package: infwarerr 2016/05/16 v1.4 Providing info/warning/error messages (HO)
)
(/usr/share/texlive/texmf-dist/tex/generic/oberdiek/etexcmds.sty
Package: etexcmds 2016/05/16 v1.6 Avoid name clashes with e-TeX commands (HO)

(/usr/share/texlive/texmf-dist/tex/generic/oberdiek/ifluatex.sty
Package: ifluatex 2016/05/16 v1.4 Provides the ifluatex switch (HO)
Package ifluatex Info: LuaTeX not detected.
)
Package etexcmds Info: Could not find \expanded.
(etexcmds)             That can mean that you are not using pdfTeX 1.50 or
(etexcmds)             that some package has redefined \expanded.
(etexcmds)             In the latter case, load this package earlier.
)))
\sphinxverbatimsep=\dimen137
\sphinxverbatimborder=\dimen138
\sphinxshadowsep=\dimen139
\sphinxshadowsize=\dimen140
\sphinxshadowrule=\dimen141
\spx@notice@border=\dimen142
\spx@image@box=\box39
\spx@image@maxheight=\dimen143
\c@literalblock=\count114
\sphinxcontinuationbox=\box40
\sphinxvisiblespacebox=\box41
\sphinxVerbatim@TitleBox=\box42
\py@argswidth=\skip71
\lineblockindentation=\skip72
\DUlineblockindent=\skip73
)
(/usr/share/texlive/texmf-dist/tex/latex/geometry/geometry.sty
Package: geometry 2010/09/12 v5.6 Page Geometry

(/usr/share/texlive/texmf-dist/tex/generic/oberdiek/ifpdf.sty
Package: ifpdf 2017/03/15 v3.2 Provides the ifpdf switch
)
(/usr/share/texlive/texmf-dist/tex/generic/oberdiek/ifvtex.sty
Package: ifvtex 2016/05/16 v1.6 Detect VTeX and its facilities (HO)
Package ifvtex Info: VTeX not detected.
)
(/usr/share/texlive/texmf-dist/tex/generic/ifxetex/ifxetex.sty
Package: ifxetex 2010/09/12 v0.6 Provides ifxetex conditional
)
\Gm@cnth=\count115
\Gm@cntv=\count116
\c@Gm@tempcnt=\count117
\Gm@bindingoffset=\dimen144
\Gm@wd@mp=\dimen145
\Gm@odd@mp=\dimen146
\Gm@even@mp=\dimen147
\Gm@layoutwidth=\dimen148
\Gm@layoutheight=\dimen149
\Gm@layouthoffset=\dimen150
\Gm@layoutvoffset=\dimen151
\Gm@dimlist=\toks28
)
(/usr/share/texlive/texmf-dist/tex/latex/hyperref/hyperref.sty
Package: hyperref 2018/02/06 v6.86b Hypertext links for LaTeX

(/usr/share/texlive/texmf-dist/tex/generic/oberdiek/hobsub-hyperref.sty
Package: hobsub-hyperref 2016/05/16 v1.14 Bundle oberdiek, subset hyperref (HO)


(/usr/share/texlive/texmf-dist/tex/generic/oberdiek/hobsub-generic.sty
Package: hobsub-generic 2016/05/16 v1.14 Bundle oberdiek, subset generic (HO)
Package: hobsub 2016/05/16 v1.14 Construct package bundles (HO)
Package hobsub Info: Skipping package `infwarerr' (already loaded).
Package hobsub Info: Skipping package `ltxcmds' (already loaded).
Package hobsub Info: Skipping package `ifluatex' (already loaded).
Package hobsub Info: Skipping package `ifvtex' (already loaded).
Package: intcalc 2016/05/16 v1.2 Expandable calculations with integers (HO)
Package hobsub Info: Skipping package `ifpdf' (already loaded).
Package hobsub Info: Skipping package `etexcmds' (already loaded).
Package hobsub Info: Skipping package `kvsetkeys' (already loaded).
Package: kvdefinekeys 2016/05/16 v1.4 Define keys (HO)
Package: pdftexcmds 2018/01/21 v0.26 Utility functions of pdfTeX for LuaTeX (HO
)
Package pdftexcmds Info: LuaTeX not detected.
Package pdftexcmds Info: \pdf@primitive is available.
Package pdftexcmds Info: \pdf@ifprimitive is available.
Package pdftexcmds Info: \pdfdraftmode found.
Package: pdfescape 2016/05/16 v1.14 Implements pdfTeX's escape features (HO)
Package: bigintcalc 2016/05/16 v1.4 Expandable calculations on big integers (HO
)
Package: bitset 2016/05/16 v1.2 Handle bit-vector datatype (HO)
Package: uniquecounter 2016/05/16 v1.3 Provide unlimited unique counter (HO)
)
Package hobsub Info: Skipping package `hobsub' (already loaded).
Package: letltxmacro 2016/05/16 v1.5 Let assignment for LaTeX macros (HO)
Package: hopatch 2016/05/16 v1.3 Wrapper for package hooks (HO)
Package: xcolor-patch 2016/05/16 xcolor patch
Package: atveryend 2016/05/16 v1.9 Hooks at the very end of document (HO)
Package atveryend Info: \enddocument detected (standard20110627).
Package: atbegshi 2016/06/09 v1.18 At begin shipout hook (HO)
Package: refcount 2016/05/16 v3.5 Data extraction from label references (HO)
Package: hycolor 2016/05/16 v1.8 Color options for hyperref/bookmark (HO)
)
(/usr/share/texlive/texmf-dist/tex/latex/oberdiek/auxhook.sty
Package: auxhook 2016/05/16 v1.4 Hooks for auxiliary files (HO)
)
\@linkdim=\dimen152
\Hy@linkcounter=\count118
\Hy@pagecounter=\count119

(/usr/share/texlive/texmf-dist/tex/latex/hyperref/pd1enc.def
File: pd1enc.def 2018/02/06 v6.86b Hyperref: PDFDocEncoding definition (HO)
Now handling font encoding PD1 ...
... no UTF-8 mapping file for font encoding PD1
)
\Hy@SavedSpaceFactor=\count120

(/usr/share/texlive/texmf-dist/tex/latex/latexconfig/hyperref.cfg
File: hyperref.cfg 2002/06/06 v1.2 hyperref configuration of TeXLive
)
Package hyperref Info: Option `unicode' set `true' on input line 4383.

(/usr/share/texlive/texmf-dist/tex/latex/hyperref/puenc.def
File: puenc.def 2018/02/06 v6.86b Hyperref: PDF Unicode definition (HO)
Now handling font encoding PU ...
... no UTF-8 mapping file for font encoding PU
)
Package hyperref Info: Option `colorlinks' set `true' on input line 4383.
Package hyperref Info: Option `breaklinks' set `true' on input line 4383.
Package hyperref Info: Hyper figures OFF on input line 4509.
Package hyperref Info: Link nesting OFF on input line 4514.
Package hyperref Info: Hyper index ON on input line 4517.
Package hyperref Info: Plain pages OFF on input line 4524.
Package hyperref Info: Backreferencing OFF on input line 4529.
Package hyperref Info: Implicit mode ON; LaTeX internals redefined.
Package hyperref Info: Bookmarks ON on input line 4762.
\c@Hy@tempcnt=\count121

(/usr/share/texlive/texmf-dist/tex/latex/url/url.sty
\Urlmuskip=\muskip11
Package: url 2013/09/16  ver 3.4  Verb mode for urls, etc.
)
LaTeX Info: Redefining \url on input line 5115.
\XeTeXLinkMargin=\dimen153
\Fld@menulength=\count122
\Field@Width=\dimen154
\Fld@charsize=\dimen155
Package hyperref Info: Hyper figures OFF on input line 6369.
Package hyperref Info: Link nesting OFF on input line 6374.
Package hyperref Info: Hyper index ON on input line 6377.
Package hyperref Info: backreferencing OFF on input line 6384.
Package hyperref Info: Link coloring ON on input line 6387.
Package hyperref Info: Link coloring with OCG OFF on input line 6394.
Package hyperref Info: PDF/A mode OFF on input line 6399.
LaTeX Info: Redefining \ref on input line 6439.
LaTeX Info: Redefining \pageref on input line 6443.
\Hy@abspage=\count123
\c@Item=\count124
\c@Hfootnote=\count125
)
Package hyperref Info: Driver (autodetected): hpdftex.

(/usr/share/texlive/texmf-dist/tex/latex/hyperref/hpdftex.def
File: hpdftex.def 2018/02/06 v6.86b Hyperref driver for pdfTeX
\Fld@listcount=\count126
\c@bookmark@seq@number=\count127

(/usr/share/texlive/texmf-dist/tex/latex/oberdiek/rerunfilecheck.sty
Package: rerunfilecheck 2016/05/16 v1.8 Rerun checks for auxiliary files (HO)
Package uniquecounter Info: New unique counter `rerunfilecheck' on input line 2
82.
)
\Hy@SectionHShift=\skip74
)
(/usr/share/texlive/texmf-dist/tex/latex/oberdiek/hypcap.sty
Package: hypcap 2016/05/16 v1.12 Adjusting the anchors of captions (HO)
)
\@indexfile=\write4
\openout4 = `QGIS_documentation.idx'.


Writing index file QGIS_documentation.idx
(./QGIS_documentation.aux)
\openout1 = `QGIS_documentation.aux'.

LaTeX Font Info:    Checking defaults for OML/cmm/m/it on input line 70.
LaTeX Font Info:    ... okay on input line 70.
LaTeX Font Info:    Checking defaults for T1/cmr/m/n on input line 70.
LaTeX Font Info:    ... okay on input line 70.
LaTeX Font Info:    Checking defaults for OT1/cmr/m/n on input line 70.
LaTeX Font Info:    ... okay on input line 70.
LaTeX Font Info:    Checking defaults for OMS/cmsy/m/n on input line 70.
LaTeX Font Info:    ... okay on input line 70.
LaTeX Font Info:    Checking defaults for OMX/cmex/m/n on input line 70.
LaTeX Font Info:    ... okay on input line 70.
LaTeX Font Info:    Checking defaults for U/cmr/m/n on input line 70.
LaTeX Font Info:    ... okay on input line 70.
LaTeX Font Info:    Checking defaults for TS1/cmr/m/n on input line 70.
LaTeX Font Info:    Try loading font information for TS1+cmr on input line 70.

(/usr/share/texlive/texmf-dist/tex/latex/base/ts1cmr.fd
File: ts1cmr.fd 2014/09/29 v2.5h Standard LaTeX font definitions
)
LaTeX Font Info:    ... okay on input line 70.
LaTeX Font Info:    Checking defaults for PD1/pdf/m/n on input line 70.
LaTeX Font Info:    ... okay on input line 70.
LaTeX Font Info:    Checking defaults for PU/pdf/m/n on input line 70.
LaTeX Font Info:    ... okay on input line 70.
LaTeX Font Info:    Try loading font information for T1+ptm on input line 70.

(/usr/share/texlive/texmf-dist/tex/latex/psnfss/t1ptm.fd
File: t1ptm.fd 2001/06/04 font definitions for T1/ptm.
)
(/usr/share/texlive/texmf-dist/tex/context/base/mkii/supp-pdf.mkii
[Loading MPS to PDF converter (version 2006.09.02).]
\scratchcounter=\count128
\scratchdimen=\dimen156
\scratchbox=\box43
\nofMPsegments=\count129
\nofMParguments=\count130
\everyMPshowfont=\toks29
\MPscratchCnt=\count131
\MPscratchDim=\dimen157
\MPnumerator=\count132
\makeMPintoPDFobject=\count133
\everyMPtoPDFconversion=\toks30
) (/usr/share/texlive/texmf-dist/tex/latex/oberdiek/epstopdf-base.sty
Package: epstopdf-base 2016/05/15 v2.6 Base part for package epstopdf

(/usr/share/texlive/texmf-dist/tex/latex/oberdiek/grfext.sty
Package: grfext 2016/05/16 v1.2 Manage graphics extensions (HO)
)
Package epstopdf-base Info: Redefining graphics rule for `.eps' on input line 4
38.
Package grfext Info: Graphics extension search list:
(grfext)             [.pdf,.png,.jpg,.mps,.jpeg,.jbig2,.jb2,.PDF,.PNG,.JPG,.JPE
G,.JBIG2,.JB2,.eps]
(grfext)             \AppendGraphicsExtensions on input line 456.

(/usr/share/texlive/texmf-dist/tex/latex/latexconfig/epstopdf-sys.cfg
File: epstopdf-sys.cfg 2010/07/13 v1.3 Configuration of (r)epstopdf for TeX Liv
e
))
*geometry* driver: auto-detecting
*geometry* detected driver: pdftex
*geometry* verbose mode - [ preamble ] result:
* driver: pdftex
* paper: letterpaper
* layout: <same size as paper>
* layoutoffset:(h,v)=(0.0pt,0.0pt)
* modes: twoside 
* h-part:(L,W,R)=(72.26999pt, 469.75502pt, 72.26999pt)
* v-part:(T,H,B)=(72.26999pt, 650.43001pt, 72.26999pt)
* \paperwidth=614.295pt
* \paperheight=794.96999pt
* \textwidth=469.75502pt
* \textheight=650.43001pt
* \oddsidemargin=0.0pt
* \evensidemargin=0.0pt
* \topmargin=-37.0pt
* \headheight=12.0pt
* \headsep=25.0pt
* \topskip=10.0pt
* \footskip=30.0pt
* \marginparwidth=36.135pt
* \marginparsep=11.0pt
* \columnsep=10.0pt
* \skip\footins=9.0pt plus 4.0pt minus 2.0pt
* \hoffset=0.0pt
* \voffset=0.0pt
* \mag=1000
* \@twocolumnfalse
* \@twosidetrue
* \@mparswitchtrue
* \@reversemarginfalse
* (1in=72.27pt=25.4mm, 1cm=28.453pt)

\AtBeginShipoutBox=\box44
Package hyperref Info: Link coloring ON on input line 70.
(/usr/share/texlive/texmf-dist/tex/latex/hyperref/nameref.sty
Package: nameref 2016/05/21 v2.44 Cross-referencing by name of section

(/usr/share/texlive/texmf-dist/tex/generic/oberdiek/gettitlestring.sty
Package: gettitlestring 2016/05/16 v1.5 Cleanup title references (HO)
)
\c@section@level=\count134
)
LaTeX Info: Redefining \ref on input line 70.
LaTeX Info: Redefining \pageref on input line 70.
LaTeX Info: Redefining \nameref on input line 70.

(./QGIS_documentation.out) (./QGIS_documentation.out)
\@outlinefile=\write5
\openout5 = `QGIS_documentation.out'.

Package hyperref Info: Option `pageanchor' set `false' on input line 78.
LaTeX Font Info:    Try loading font information for T1+phv on input line 78.

(/usr/share/texlive/texmf-dist/tex/latex/psnfss/t1phv.fd
File: t1phv.fd 2001/06/04 scalable font definitions for T1/phv.
)
LaTeX Font Info:    Font shape `T1/phv/bx/n' in size <10> not available
(Font)              Font shape `T1/phv/b/n' tried instead on input line 78.
LaTeX Font Info:    Font shape `T1/phv/bx/n' in size <24.88> not available
(Font)              Font shape `T1/phv/b/n' tried instead on input line 78.
LaTeX Font Info:    Font shape `T1/phv/bx/it' in size <10> not available
(Font)              Font shape `T1/phv/b/it' tried instead on input line 78.
LaTeX Font Info:    Font shape `T1/phv/b/it' in size <10> not available
(Font)              Font shape `T1/phv/b/sl' tried instead on input line 78.
LaTeX Font Info:    Font shape `T1/phv/bx/it' in size <17.28> not available
(Font)              Font shape `T1/phv/b/it' tried instead on input line 78.
LaTeX Font Info:    Font shape `T1/phv/b/it' in size <17.28> not available
(Font)              Font shape `T1/phv/b/sl' tried instead on input line 78.
LaTeX Font Info:    Font shape `T1/phv/bx/n' in size <17.28> not available
(Font)              Font shape `T1/phv/b/n' tried instead on input line 78.
<<ot1.cmap>><<oml.cmap>><<oms.cmap>><<omx.cmap>>
LaTeX Font Info:    Try loading font information for U+msa on input line 78.

(/usr/share/texlive/texmf-dist/tex/latex/amsfonts/umsa.fd
File: umsa.fd 2013/01/14 v3.01 AMS symbols A
)
LaTeX Font Info:    Try loading font information for U+msb on input line 78.

(/usr/share/texlive/texmf-dist/tex/latex/amsfonts/umsb.fd
File: umsb.fd 2013/01/14 v3.01 AMS symbols B
)
LaTeX Font Info:    Font shape `T1/phv/bx/n' in size <12> not available
(Font)              Font shape `T1/phv/b/n' tried instead on input line 78.
 [1

{/var/lib/texmf/fonts/map/pdftex/updmap/pdftex.map}] [2


] (./QGIS_documentation.toc
LaTeX Font Info:    Font shape `T1/ptm/bx/n' in size <10> not available
(Font)              Font shape `T1/ptm/b/n' tried instead on input line 2.
)
\tf@toc=\write6
\openout6 = `QGIS_documentation.toc'.

 [1

] [2

]
Chapter 1.
LaTeX Font Info:    Font shape `T1/phv/bx/n' in size <14.4> not available
(Font)              Font shape `T1/phv/b/n' tried instead on input line 89.
LaTeX Font Info:    Try loading font information for T1+pcr on input line 100.
(/usr/share/texlive/texmf-dist/tex/latex/psnfss/t1pcr.fd
File: t1pcr.fd 2001/06/04 font definitions for T1/pcr.
)
<1200px-QGIS_logo,_2017.svg.png, id=41, 1204.5pt x 358.33875pt>
File: 1200px-QGIS_logo,_2017.svg.png Graphic file (type png)
<use 1200px-QGIS_logo,_2017.svg.png>
Package pdftex.def Info: 1200px-QGIS_logo,_2017.svg.png  used on input line 102
.
(pdftex.def)             Requested size: 150.56152pt x 44.79222pt.
File: 1200px-QGIS_logo,_2017.svg.png Graphic file (type png)
<use 1200px-QGIS_logo,_2017.svg.png>
Package pdftex.def Info: 1200px-QGIS_logo,_2017.svg.png  used on input line 108
.
(pdftex.def)             Requested size: 150.56152pt x 44.79222pt.
 [1

 <./1200px-QGIS_logo,_2017.svg.png>]
<2.1_QGIS_programs.png, id=56, 305.64188pt x 634.62094pt>
File: 2.1_QGIS_programs.png Graphic file (type png)
<use 2.1_QGIS_programs.png>
Package pdftex.def Info: 2.1_QGIS_programs.png  used on input line 154.
(pdftex.def)             Requested size: 75.28076pt x 156.30174pt.
 [2 <./2.1_QGIS_programs.png>]
<2.3_new_project.PNG, id=67, 1156.32pt x 126.4725pt>
File: 2.3_new_project.PNG Graphic file (type png)
<use 2.3_new_project.PNG>
Package pdftex.def Info: 2.3_new_project.PNG  used on input line 173.
(pdftex.def)             Requested size: 469.75502pt x 51.37932pt.
<2.3.1_add_layer.PNG, id=68, 1156.32pt x 621.522pt>
File: 2.3.1_add_layer.PNG Graphic file (type png)
<use 2.3.1_add_layer.PNG>
Package pdftex.def Info: 2.3.1_add_layer.PNG  used on input line 189.
(pdftex.def)             Requested size: 469.75502pt x 252.49269pt.
<2.3.1_browser_panel.PNG, id=69, 208.3785pt x 310.761pt>
File: 2.3.1_browser_panel.PNG Graphic file (type png)
<use 2.3.1_browser_panel.PNG>
Package pdftex.def Info: 2.3.1_browser_panel.PNG  used on input line 196.
(pdftex.def)             Requested size: 188.2019pt x 280.67336pt.
LaTeX Font Info:    Try loading font information for TS1+ptm on input line 201.


(/usr/share/texlive/texmf-dist/tex/latex/psnfss/ts1ptm.fd
File: ts1ptm.fd 2001/06/04 font definitions for TS1/ptm.
) [3 <./2.3_new_project.PNG> <./2.3.1_add_layer.PNG>]
<2.3.4_layers_panel.PNG, id=82, 204.765pt x 290.88675pt>
File: 2.3.4_layers_panel.PNG Graphic file (type png)
<use 2.3.4_layers_panel.PNG>
Package pdftex.def Info: 2.3.4_layers_panel.PNG  used on input line 252.
(pdftex.def)             Requested size: 150.56152pt x 213.89905pt.
 [4 <./2.3.1_browser_panel.PNG>]
<2.3.4_all_data.PNG, id=91, 1156.32pt x 620.3175pt>
File: 2.3.4_all_data.PNG Graphic file (type png)
<use 2.3.4_all_data.PNG>
Package pdftex.def Info: 2.3.4_all_data.PNG  used on input line 272.
(pdftex.def)             Requested size: 469.75502pt x 252.00337pt.
 [5 <./2.3.4_layers_panel.PNG> <./2.3.4_all_data.PNG>]
<2.4.1_reproject_layer.PNG, id=99, 617.30624pt x 420.97275pt>
File: 2.4.1_reproject_layer.PNG Graphic file (type png)
<use 2.4.1_reproject_layer.PNG>
Package pdftex.def Info: 2.4.1_reproject_layer.PNG  used on input line 314.
(pdftex.def)             Requested size: 469.75502pt x 320.36014pt.
 [6 <./2.4.1_reproject_layer.PNG>]
<2.4.2_reproject_raster.PNG, id=109, 617.30624pt x 443.256pt>
File: 2.4.2_reproject_raster.PNG Graphic file (type png)
<use 2.4.2_reproject_raster.PNG>
Package pdftex.def Info: 2.4.2_reproject_raster.PNG  used on input line 342.
(pdftex.def)             Requested size: 469.75502pt x 337.31769pt.
<2.4.2_reproject_map.png, id=110, 1445.4pt x 30.1125pt>
File: 2.4.2_reproject_map.png Graphic file (type png)
<use 2.4.2_reproject_map.png>
Package pdftex.def Info: 2.4.2_reproject_map.png  used on input line 353.
(pdftex.def)             Requested size: 469.75502pt x 9.78644pt.
LaTeX Font Info:    Font shape `T1/pcr/m/it' in size <10> not available
(Font)              Font shape `T1/pcr/m/sl' tried instead on input line 1.
<2.4.2_remove_layers.PNG, id=111, 204.765pt x 378.81525pt>
File: 2.4.2_remove_layers.PNG Graphic file (type png)
<use 2.4.2_remove_layers.PNG>
Package pdftex.def Info: 2.4.2_remove_layers.PNG  used on input line 367.
(pdftex.def)             Requested size: 150.56152pt x 278.55591pt.

[7 <./2.4.2_reproject_raster.PNG> <./2.4.2_reproject_map.png>]
<2.5.1_create_layer_button.png, id=119, 24.09pt x 23.33719pt>
File: 2.5.1_create_layer_button.png Graphic file (type png)
<use 2.5.1_create_layer_button.png>
Package pdftex.def Info: 2.5.1_create_layer_button.png  used on input line 387.

(pdftex.def)             Requested size: 24.08992pt x 23.33711pt.
<2.5.1_area_of_interest.PNG, id=120, 523.35526pt x 531.78674pt>
File: 2.5.1_area_of_interest.PNG Graphic file (type png)
<use 2.5.1_area_of_interest.PNG>
Package pdftex.def Info: 2.5.1_area_of_interest.PNG  used on input line 407.
(pdftex.def)             Requested size: 348.05505pt x 353.6662pt.
 [8 <./2.4.2_remove_layers.PNG> <./2.5.1_create_layer_button.png>]
<2.5.1_add_rectangle.PNG, id=128, 342.68025pt x 186.09525pt>
File: 2.5.1_add_rectangle.PNG Graphic file (type png)
<use 2.5.1_add_rectangle.PNG>
Package pdftex.def Info: 2.5.1_add_rectangle.PNG  used on input line 430.
(pdftex.def)             Requested size: 342.67941pt x 186.09477pt.
 [9 <./2.5.1_area_of_interest.PNG>]
<2.5.1_aoi.PNG, id=135, 1156.32pt x 620.3175pt>
File: 2.5.1_aoi.PNG Graphic file (type png)
<use 2.5.1_aoi.PNG>
Package pdftex.def Info: 2.5.1_aoi.PNG  used on input line 438.
(pdftex.def)             Requested size: 363.35506pt x 194.91832pt.
<2.5.2_clip_vector.PNG, id=136, 635.976pt x 569.7285pt>
File: 2.5.2_clip_vector.PNG Graphic file (type png)
<use 2.5.2_clip_vector.PNG>
Package pdftex.def Info: 2.5.2_clip_vector.PNG  used on input line 475.
(pdftex.def)             Requested size: 469.75502pt x 420.81879pt.
 [10 <./2.5.1_add_rectangle.PNG> <./2.5.1_aoi.PNG>] [11 <./2.5.2_clip_vector.PN
G>]
<2.5.3_clip_raster.PNG, id=151, 617.30624pt x 443.256pt>
File: 2.5.3_clip_raster.PNG Graphic file (type png)
<use 2.5.3_clip_raster.PNG>
Package pdftex.def Info: 2.5.3_clip_raster.PNG  used on input line 503.
(pdftex.def)             Requested size: 469.75502pt x 337.31769pt.
<2.5.3_final_map.PNG, id=152, 1156.32pt x 620.3175pt>
File: 2.5.3_final_map.PNG Graphic file (type png)
<use 2.5.3_final_map.PNG>
Package pdftex.def Info: 2.5.3_final_map.PNG  used on input line 523.
(pdftex.def)             Requested size: 469.75502pt x 252.00337pt.
 [12 <./2.5.3_clip_raster.PNG>]
<3_roads_network.PNG, id=159, 1156.32pt x 620.3175pt>
File: 3_roads_network.PNG Graphic file (type png)
<use 3_roads_network.PNG>
Package pdftex.def Info: 3_roads_network.PNG  used on input line 534.
(pdftex.def)             Requested size: 469.75502pt x 252.00337pt.
 [13 <./2.5.3_final_map.PNG> <./3_roads_network.PNG>]
<3.1_buffer.PNG, id=168, 617.30624pt x 451.6875pt>
File: 3.1_buffer.PNG Graphic file (type png)
<use 3.1_buffer.PNG>
Package pdftex.def Info: 3.1_buffer.PNG  used on input line 558.
(pdftex.def)             Requested size: 602.2461pt x 440.70023pt.

Overfull \hbox (132.49107pt too wide) in paragraph at lines 558--559
[] 
 []

[14 <./3.1_buffer.PNG>]
<3.1_buffer_result.PNG, id=174, 1156.32pt x 620.3175pt>
File: 3.1_buffer_result.PNG Graphic file (type png)
<use 3.1_buffer_result.PNG>
Package pdftex.def Info: 3.1_buffer_result.PNG  used on input line 566.
(pdftex.def)             Requested size: 469.75502pt x 252.00337pt.
<3.1_processing_toolbox.png, id=175, 1445.4pt x 775.39688pt>
File: 3.1_processing_toolbox.png Graphic file (type png)
<use 3.1_processing_toolbox.png>
Package pdftex.def Info: 3.1_processing_toolbox.png  used on input line 574.
(pdftex.def)             Requested size: 469.75502pt x 252.00099pt.
 [15 <./3.1_buffer_result.PNG> <./3.1_processing_toolbox.png>]
<3.1_multi_ring_buffer.PNG, id=183, 617.30624pt x 364.9635pt>
File: 3.1_multi_ring_buffer.PNG Graphic file (type png)
<use 3.1_multi_ring_buffer.PNG>
Package pdftex.def Info: 3.1_multi_ring_buffer.PNG  used on input line 592.
(pdftex.def)             Requested size: 602.2461pt x 356.08578pt.

Overfull \hbox (132.49107pt too wide) in paragraph at lines 592--593
[] 
 []

<3.1_multi_ring_buffer_result.PNG, id=184, 1156.32pt x 620.3175pt>
File: 3.1_multi_ring_buffer_result.PNG Graphic file (type png)
<use 3.1_multi_ring_buffer_result.PNG>
Package pdftex.def Info: 3.1_multi_ring_buffer_result.PNG  used on input line 5
96.
(pdftex.def)             Requested size: 469.75502pt x 252.00337pt.
[16 <./3.1_multi_ring_buffer.PNG>]
<3.2_only_polygons.PNG, id=190, 1156.32pt x 620.3175pt>
File: 3.2_only_polygons.PNG Graphic file (type png)
<use 3.2_only_polygons.PNG>
Package pdftex.def Info: 3.2_only_polygons.PNG  used on input line 607.
(pdftex.def)             Requested size: 469.75502pt x 252.00337pt.
 [17 <./3.1_multi_ring_buffer_result.PNG> <./3.2_only_polygons.PNG>]
<3.2_merge.PNG, id=198, 701.62125pt x 364.9635pt>
File: 3.2_merge.PNG Graphic file (type png)
<use 3.2_merge.PNG>
Package pdftex.def Info: 3.2_merge.PNG  used on input line 631.
(pdftex.def)             Requested size: 602.2461pt x 313.29445pt.

Overfull \hbox (132.49107pt too wide) in paragraph at lines 631--632
 [] 
 []

<3.2_merge_result.PNG, id=199, 1156.32pt x 620.3175pt>
File: 3.2_merge_result.PNG Graphic file (type png)
<use 3.2_merge_result.PNG>
Package pdftex.def Info: 3.2_merge_result.PNG  used on input line 636.
(pdftex.def)             Requested size: 469.75502pt x 252.00337pt.
[18 <./3.2_merge.PNG>]
<3.3.1_union.PNG, id=206, 617.30624pt x 358.33875pt>
File: 3.3.1_union.PNG Graphic file (type png)
<use 3.3.1_union.PNG>
Package pdftex.def Info: 3.3.1_union.PNG  used on input line 667.
(pdftex.def)             Requested size: 602.2461pt x 349.6222pt.

Overfull \hbox (132.49107pt too wide) in paragraph at lines 667--668
 [] 
 []

<3.3.1_union_result.PNG, id=207, 1156.32pt x 620.3175pt>
File: 3.3.1_union_result.PNG Graphic file (type png)
<use 3.3.1_union_result.PNG>
Package pdftex.def Info: 3.3.1_union_result.PNG  used on input line 672.
(pdftex.def)             Requested size: 419.75496pt x 225.17879pt.
[19 <./3.2_merge_result.PNG>] [20 <./3.3.1_union.PNG>]
<3.3.2_intersection.PNG, id=221, 617.30624pt x 358.33875pt>
File: 3.3.2_intersection.PNG Graphic file (type png)
<use 3.3.2_intersection.PNG>
Package pdftex.def Info: 3.3.2_intersection.PNG  used on input line 698.
(pdftex.def)             Requested size: 602.2461pt x 349.6222pt.

Overfull \hbox (132.49107pt too wide) in paragraph at lines 698--699
 [] 
 []

<3.3.2_intersection_result.PNG, id=222, 1156.32pt x 620.3175pt>
File: 3.3.2_intersection_result.PNG Graphic file (type png)
<use 3.3.2_intersection_result.PNG>
Package pdftex.def Info: 3.3.2_intersection_result.PNG  used on input line 704.

(pdftex.def)             Requested size: 419.75496pt x 225.17879pt.
[21 <./3.3.1_union_result.PNG>] [22 <./3.3.2_intersection.PNG>]
<3.3.3_dissolve.PNG, id=236, 603.4545pt x 332.442pt>
File: 3.3.3_dissolve.PNG Graphic file (type png)
<use 3.3.3_dissolve.PNG>
Package pdftex.def Info: 3.3.3_dissolve.PNG  used on input line 732.
(pdftex.def)             Requested size: 602.2461pt x 331.78172pt.

Overfull \hbox (132.49107pt too wide) in paragraph at lines 732--733
 [] 
 []

<3.3.3_dissolved_result.PNG, id=237, 398.08725pt x 537.80925pt>
File: 3.3.3_dissolved_result.PNG Graphic file (type png)
<use 3.3.3_dissolved_result.PNG>
Package pdftex.def Info: 3.3.3_dissolved_result.PNG  used on input line 737.
(pdftex.def)             Requested size: 398.08627pt x 537.80792pt.
[23 <./3.3.2_intersection_result.PNG>] [24 <./3.3.3_dissolve.PNG>] [25 <./3.3.3
_dissolved_result.PNG>]
<3.3.4_difference_selection.PNG, id=256, 398.08725pt x 537.80925pt>
File: 3.3.4_difference_selection.PNG Graphic file (type png)
<use 3.3.4_difference_selection.PNG>
Package pdftex.def Info: 3.3.4_difference_selection.PNG  used on input line 790
.
(pdftex.def)             Requested size: 398.08627pt x 537.80792pt.
 [26]
<3.3.4_difference.PNG, id=261, 617.30624pt x 358.33875pt>
File: 3.3.4_difference.PNG Graphic file (type png)
<use 3.3.4_difference.PNG>
Package pdftex.def Info: 3.3.4_difference.PNG  used on input line 809.
(pdftex.def)             Requested size: 602.2461pt x 349.6222pt.

Overfull \hbox (132.49107pt too wide) in paragraph at lines 809--810
 [] 
 []

[27 <./3.3.4_difference_selection.PNG>] [28 <./3.3.4_difference.PNG>]
<3.3.5_landuse_water_1.PNG, id=274, 1156.32pt x 620.3175pt>
File: 3.3.5_landuse_water_1.PNG Graphic file (type png)
<use 3.3.5_landuse_water_1.PNG>
Package pdftex.def Info: 3.3.5_landuse_water_1.PNG  used on input line 829.
(pdftex.def)             Requested size: 469.75502pt x 252.00337pt.
<3.3.5_landuse_water_2.PNG, id=275, 1156.32pt x 620.3175pt>
File: 3.3.5_landuse_water_2.PNG Graphic file (type png)
<use 3.3.5_landuse_water_2.PNG>
Package pdftex.def Info: 3.3.5_landuse_water_2.PNG  used on input line 836.
(pdftex.def)             Requested size: 469.75502pt x 252.00337pt.
<3.3.5_symmetrical_difference.PNG, id=276, 617.30624pt x 358.33875pt>
File: 3.3.5_symmetrical_difference.PNG Graphic file (type png)
<use 3.3.5_symmetrical_difference.PNG>
Package pdftex.def Info: 3.3.5_symmetrical_difference.PNG  used on input line 8
57.
(pdftex.def)             Requested size: 602.2461pt x 349.6222pt.

Overfull \hbox (132.49107pt too wide) in paragraph at lines 857--858
 [] 
 []

<3.3.5_symmetrical_difference_result.PNG, id=277, 1156.32pt x 620.3175pt>
File: 3.3.5_symmetrical_difference_result.PNG Graphic file (type png)
<use 3.3.5_symmetrical_difference_result.PNG>
Package pdftex.def Info: 3.3.5_symmetrical_difference_result.PNG  used on input
 line 862.
(pdftex.def)             Requested size: 419.75496pt x 225.17879pt.
[29 <./3.3.5_landuse_water_1.PNG>] [30 <./3.3.5_landuse_water_2.PNG> <./3.3.5_s
ymmetrical_difference_result.PNG>] [31 <./3.3.5_symmetrical_difference.PNG>]
<3.3.6_spatial_join.PNG, id=299, 627.5445pt x 434.8245pt>
File: 3.3.6_spatial_join.PNG Graphic file (type png)
<use 3.3.6_spatial_join.PNG>
Package pdftex.def Info: 3.3.6_spatial_join.PNG  used on input line 904.
(pdftex.def)             Requested size: 602.2461pt x 417.32059pt.

Overfull \hbox (132.49107pt too wide) in paragraph at lines 904--905
 [] 
 []

<3.3.6_spatial_join_result.PNG, id=300, 667.293pt x 464.937pt>
File: 3.3.6_spatial_join_result.PNG Graphic file (type png)
<use 3.3.6_spatial_join_result.PNG>
Package pdftex.def Info: 3.3.6_spatial_join_result.PNG  used on input line 910.

(pdftex.def)             Requested size: 419.75496pt x 292.4649pt.
[32 <./3.3.6_spatial_join.PNG>]
<3.4_MultiPoint.PNG, id=307, 576.9555pt x 380.622pt>
File: 3.4_MultiPoint.PNG Graphic file (type png)
<use 3.4_MultiPoint.PNG>
Package pdftex.def Info: 3.4_MultiPoint.PNG  used on input line 928.
(pdftex.def)             Requested size: 602.2461pt x 397.3127pt.

Overfull \hbox (132.49107pt too wide) in paragraph at lines 928--929
 [] 
 []

<3.4.1_convert_geometry.PNG, id=308, 617.30624pt x 346.896pt>
File: 3.4.1_convert_geometry.PNG Graphic file (type png)
<use 3.4.1_convert_geometry.PNG>
Package pdftex.def Info: 3.4.1_convert_geometry.PNG  used on input line 953.
(pdftex.def)             Requested size: 602.2461pt x 338.45778pt.

Overfull \hbox (132.49107pt too wide) in paragraph at lines 953--954
 [] 
 []

<3.4.1_Point.PNG, id=309, 576.9555pt x 380.622pt>
File: 3.4.1_Point.PNG Graphic file (type png)
<use 3.4.1_Point.PNG>
Package pdftex.def Info: 3.4.1_Point.PNG  used on input line 960.
(pdftex.def)             Requested size: 602.2461pt x 397.3127pt.

Overfull \hbox (132.49107pt too wide) in paragraph at lines 960--961
 [] 
 []

[33 <./3.3.6_spatial_join_result.PNG>] [34 <./3.4_MultiPoint.PNG>] [35 <./3.4.1
_convert_geometry.PNG>] [36 <./3.4.1_Point.PNG>]
<3.4.2_nearest_neighbor.PNG, id=336, 617.30624pt x 346.896pt>
File: 3.4.2_nearest_neighbor.PNG Graphic file (type png)
<use 3.4.2_nearest_neighbor.PNG>
Package pdftex.def Info: 3.4.2_nearest_neighbor.PNG  used on input line 990.
(pdftex.def)             Requested size: 602.2461pt x 338.45778pt.

Overfull \hbox (132.49107pt too wide) in paragraph at lines 990--991
 [] 
 []

<3.4.2_nearest_neighbor_result.PNG, id=337, 635.976pt x 244.5135pt>
File: 3.4.2_nearest_neighbor_result.PNG Graphic file (type png)
<use 3.4.2_nearest_neighbor_result.PNG>
Package pdftex.def Info: 3.4.2_nearest_neighbor_result.PNG  used on input line 
1000.
(pdftex.def)             Requested size: 602.2461pt x 231.55522pt.

Overfull \hbox (132.49107pt too wide) in paragraph at lines 1000--1001
 [] 
 []

[37 <./3.4.2_nearest_neighbor.PNG>]
<3.4.3_distance_points.PNG, id=346, 617.30624pt x 346.896pt>
File: 3.4.3_distance_points.PNG Graphic file (type png)
<use 3.4.3_distance_points.PNG>
Package pdftex.def Info: 3.4.3_distance_points.PNG  used on input line 1036.
(pdftex.def)             Requested size: 602.2461pt x 338.45778pt.

Overfull \hbox (132.49107pt too wide) in paragraph at lines 1036--1037
 [] 
 []

<3.4.3_distance_points_result.PNG, id=347, 680.5425pt x 476.37975pt>
File: 3.4.3_distance_points_result.PNG Graphic file (type png)
<use 3.4.3_distance_points_result.PNG>
Package pdftex.def Info: 3.4.3_distance_points_result.PNG  used on input line 1
042.
(pdftex.def)             Requested size: 451.68457pt x 316.17795pt.

Overfull \hbox (31.92961pt too wide) in paragraph at lines 1042--1043
[] 
 []

[38 <./3.4.2_nearest_neighbor_result.PNG>] [39 <./3.4.3_distance_points.PNG>]
LaTeX Font Info:    Try loading font information for TS1+pcr on input line 1.

(/usr/share/texlive/texmf-dist/tex/latex/psnfss/ts1pcr.fd
File: ts1pcr.fd 2001/06/04 font definitions for TS1/pcr.
)
<3.4.4_select_expression.PNG, id=362, 664.28175pt x 324.61275pt>
File: 3.4.4_select_expression.PNG Graphic file (type png)
<use 3.4.4_select_expression.PNG>
Package pdftex.def Info: 3.4.4_select_expression.PNG  used on input line 1069.
(pdftex.def)             Requested size: 602.2461pt x 294.30835pt.

Overfull \hbox (182.49113pt too wide) in paragraph at lines 1069--1070
[] 
 []

[40 <./3.4.3_distance_points_result.PNG>]
<3.4.4_distance_polygons.PNG, id=369, 617.30624pt x 346.896pt>
File: 3.4.4_distance_polygons.PNG Graphic file (type png)
<use 3.4.4_distance_polygons.PNG>
Package pdftex.def Info: 3.4.4_distance_polygons.PNG  used on input line 1094.
(pdftex.def)             Requested size: 602.2461pt x 338.45778pt.

Overfull \hbox (132.49107pt too wide) in paragraph at lines 1094--1095
 [] 
 []

<3.4.4_distance_polygons_result.PNG, id=370, 1156.32pt x 620.3175pt>
File: 3.4.4_distance_polygons_result.PNG Graphic file (type png)
<use 3.4.4_distance_polygons_result.PNG>
Package pdftex.def Info: 3.4.4_distance_polygons_result.PNG  used on input line
 1099.
(pdftex.def)             Requested size: 419.75496pt x 225.17879pt.
[41 <./3.4.4_select_expression.PNG>] [42 <./3.4.4_distance_polygons.PNG>]
<3.5.1_shortest_path.PNG, id=382, 617.30624pt x 346.896pt>
File: 3.5.1_shortest_path.PNG Graphic file (type png)
<use 3.5.1_shortest_path.PNG>
Package pdftex.def Info: 3.5.1_shortest_path.PNG  used on input line 1137.
(pdftex.def)             Requested size: 602.2461pt x 338.45778pt.

Overfull \hbox (132.49107pt too wide) in paragraph at lines 1137--1138
 [] 
 []

<3.5.1_shortest_path_result.PNG, id=383, 1156.32pt x 620.3175pt>
File: 3.5.1_shortest_path_result.PNG Graphic file (type png)
<use 3.5.1_shortest_path_result.PNG>
Package pdftex.def Info: 3.5.1_shortest_path_result.PNG  used on input line 114
3.
(pdftex.def)             Requested size: 419.75496pt x 225.17879pt.
[43 <./3.4.4_distance_polygons_result.PNG>] [44 <./3.5.1_shortest_path.PNG>]
<3.5.2_service_area.PNG, id=397, 617.30624pt x 409.53pt>
File: 3.5.2_service_area.PNG Graphic file (type png)
<use 3.5.2_service_area.PNG>
Package pdftex.def Info: 3.5.2_service_area.PNG  used on input line 1177.
(pdftex.def)             Requested size: 602.2461pt x 399.5682pt.

Overfull \hbox (132.49107pt too wide) in paragraph at lines 1177--1178
 [] 
 []

<3.5.2_service_area_result.PNG, id=398, 1156.32pt x 620.3175pt>
File: 3.5.2_service_area_result.PNG Graphic file (type png)
<use 3.5.2_service_area_result.PNG>
Package pdftex.def Info: 3.5.2_service_area_result.PNG  used on input line 1182
.
(pdftex.def)             Requested size: 419.75496pt x 225.17879pt.
[45 <./3.5.1_shortest_path_result.PNG>] [46 <./3.5.2_service_area.PNG>]
<3.6_simbology.PNG, id=412, 576.9555pt x 459.51675pt>
File: 3.6_simbology.PNG Graphic file (type png)
<use 3.6_simbology.PNG>
Package pdftex.def Info: 3.6_simbology.PNG  used on input line 1202.
(pdftex.def)             Requested size: 602.2461pt x 479.6671pt.

Overfull \hbox (182.49113pt too wide) in paragraph at lines 1202--1203
[] 
 []

[47 <./3.5.2_service_area_result.PNG>]
<3.6_simbology_heatmap.PNG, id=419, 715.17188pt x 572.89032pt>
File: 3.6_simbology_heatmap.PNG Graphic file (type png)
<use 3.6_simbology_heatmap.PNG>
Package pdftex.def Info: 3.6_simbology_heatmap.PNG  used on input line 1209.
(pdftex.def)             Requested size: 602.2461pt x 482.45715pt.

Overfull \hbox (182.49113pt too wide) in paragraph at lines 1209--1210
[] 
 []

[48 <./3.6_simbology.PNG>]
<3.6_heatmap_parameters.PNG, id=425, 576.9555pt x 350.5095pt>
File: 3.6_heatmap_parameters.PNG Graphic file (type png)
<use 3.6_heatmap_parameters.PNG>
Package pdftex.def Info: 3.6_heatmap_parameters.PNG  used on input line 1227.
(pdftex.def)             Requested size: 602.2461pt x 365.87976pt.

Overfull \hbox (182.49113pt too wide) in paragraph at lines 1227--1228
[] 
 []

[49 <./3.6_simbology_heatmap.PNG>]
<3.6_heatmap_result.PNG, id=430, 1156.32pt x 620.3175pt>
File: 3.6_heatmap_result.PNG Graphic file (type png)
<use 3.6_heatmap_result.PNG>
Package pdftex.def Info: 3.6_heatmap_result.PNG  used on input line 1237.
(pdftex.def)             Requested size: 419.75496pt x 225.17879pt.
 [50 <./3.6_heatmap_parameters.PNG> <./3.6_heatmap_result.PNG>]
<4.1_merge_raster.PNG, id=437, 666.0885pt x 377.0085pt>
File: 4.1_merge_raster.PNG Graphic file (type png)
<use 4.1_merge_raster.PNG>
Package pdftex.def Info: 4.1_merge_raster.PNG  used on input line 1291.
(pdftex.def)             Requested size: 602.2461pt x 340.88074pt.

Overfull \hbox (132.49107pt too wide) in paragraph at lines 1291--1292
 [] 
 []

<4.1_merge_raster_result.PNG, id=438, 1156.32pt x 620.3175pt>
File: 4.1_merge_raster_result.PNG Graphic file (type png)
<use 4.1_merge_raster_result.PNG>
Package pdftex.def Info: 4.1_merge_raster_result.PNG  used on input line 1296.
(pdftex.def)             Requested size: 469.75502pt x 252.00337pt.
[51] [52 <./4.1_merge_raster.PNG>]
<4.1_true_color_1.PNG, id=453, 589.0005pt x 504.08325pt>
File: 4.1_true_color_1.PNG Graphic file (type png)
<use 4.1_true_color_1.PNG>
Package pdftex.def Info: 4.1_true_color_1.PNG  used on input line 1301.
(pdftex.def)             Requested size: 602.2461pt x 515.4657pt.

Overfull \hbox (132.49107pt too wide) in paragraph at lines 1301--1302
[] 
 []

[53 <./4.1_merge_raster_result.PNG>]
<4.1_true_color_2.PNG, id=459, 589.0005pt x 504.08325pt>
File: 4.1_true_color_2.PNG Graphic file (type png)
<use 4.1_true_color_2.PNG>
Package pdftex.def Info: 4.1_true_color_2.PNG  used on input line 1305.
(pdftex.def)             Requested size: 602.2461pt x 515.4657pt.

Overfull \hbox (132.49107pt too wide) in paragraph at lines 1305--1306
[] 
 []

[54 <./4.1_true_color_1.PNG>]
<4.1_true_color_result.PNG, id=465, 1156.32pt x 620.3175pt>
File: 4.1_true_color_result.PNG Graphic file (type png)
<use 4.1_true_color_result.PNG>
Package pdftex.def Info: 4.1_true_color_result.PNG  used on input line 1309.
(pdftex.def)             Requested size: 469.75502pt x 252.00337pt.
 [55 <./4.1_true_color_2.PNG>]
(./QGIS_documentation.ind)
Package atveryend Info: Empty hook `BeforeClearDocument' on input line 1334.
 [56 <./4.1_true_color_result.PNG>]
Package atveryend Info: Empty hook `AfterLastShipout' on input line 1334.

(./QGIS_documentation.aux)
Package atveryend Info: Executing hook `AtVeryEndDocument' on input line 1334.
Package atveryend Info: Executing hook `AtEndAfterFileList' on input line 1334.

Package rerunfilecheck Info: File `QGIS_documentation.out' has not changed.
(rerunfilecheck)             Checksum: 63A013726B86C91BC0347D90DC2B4F8F;162.
Package atveryend Info: Empty hook `AtVeryVeryEnd' on input line 1334.
 ) 
Here is how much of TeX's memory you used:
 14137 strings out of 494923
 200868 string characters out of 6180743
 276055 words of memory out of 5000000
 16948 multiletter control sequences out of 15000+600000
 49113 words of font info for 67 fonts, out of 8000000 for 9000
 15 hyphenation exceptions out of 8191
 37i,12n,45p,1222b,613s stack positions out of 5000i,500n,10000p,200000b,80000s
{/usr/share/texlive/texmf-dist/fonts/enc/dvips/base/8r.enc}</usr/share/texliv
e/texmf-dist/fonts/type1/public/amsfonts/cm/cmsy10.pfb></usr/share/texlive/texm
f-dist/fonts/type1/urw/courier/ucrr8a.pfb></usr/share/texlive/texmf-dist/fonts/
type1/urw/courier/ucrro8a.pfb></usr/share/texlive/texmf-dist/fonts/type1/urw/he
lvetic/uhvb8a.pfb></usr/share/texlive/texmf-dist/fonts/type1/urw/helvetic/uhvr8
a.pfb></usr/share/texlive/texmf-dist/fonts/type1/urw/times/utmb8a.pfb></usr/sha
re/texlive/texmf-dist/fonts/type1/urw/times/utmr8a.pfb></usr/share/texlive/texm
f-dist/fonts/type1/urw/times/utmri8a.pfb>
Output written on QGIS_documentation.pdf (60 pages, 11411227 bytes).
PDF statistics:
 537 PDF objects out of 1000 (max. 8388607)
 335 compressed objects within 4 object streams
 132 named destinations out of 1000 (max. 500000)
 357 words of extra memory for PDF output out of 10000 (max. 10000000)

